<?xml version="1.0" encoding="UTF-8"?>
<testsuite name="MyCircularQueueTest" tests="1" skipped="0" failures="0" errors="0" timestamp="2023-04-20T12:56:26" hostname="MinJunMacBook.local" time="0.01">
  <properties/>
  <testcase name="basic()" classname="MyCircularQueueTest" time="0.01"/>
  <system-out><![CDATA[3
]]></system-out>
  <system-err><![CDATA[]]></system-err>
</testsuite>
